Determining if the pthread_create exist failed with the following output:
Change Dir: /home/talha/Documents/SURE_2018/git/Firmware/build/posix_sitl_default/build_gazebo/CMakeFiles/CMakeTmp

Run Build Command:"/usr/bin/ninja" "cmTC_61fa4"
[1/2] Building C object CMakeFiles/cmTC_61fa4.dir/CheckSymbolExists.c.o
[2/2] Linking C executable cmTC_61fa4
FAILED: : && /usr/bin/cc     CMakeFiles/cmTC_61fa4.dir/CheckSymbolExists.c.o  -o cmTC_61fa4  -rdynamic && :
CMakeFiles/cmTC_61fa4.dir/CheckSymbolExists.c.o: In function `main':
CheckSymbolExists.c:(.text+0x16): undefined reference to `pthread_create'
collect2: error: ld returned 1 exit status
ninja: build stopped: subcommand failed.

File /home/talha/Documents/SURE_2018/git/Firmware/build/posix_sitl_default/build_gazebo/CMakeFiles/CMakeTmp/CheckSymbolExists.c:
/* */
#include <pthread.h>

int main(int argc, char** argv)
{
  (void)argv;
#ifndef pthread_create
  return ((int*)(&pthread_create))[argc];
#else
  (void)argc;
  return 0;
#endif
}

Determining if the function pthread_create exists in the pthreads failed with the following output:
Change Dir: /home/talha/Documents/SURE_2018/git/Firmware/build/posix_sitl_default/build_gazebo/CMakeFiles/CMakeTmp

Run Build Command:"/usr/bin/ninja" "cmTC_8a1cc"
[1/2] Building C object CMakeFiles/cmTC_8a1cc.dir/CheckFunctionExists.c.o
[2/2] Linking C executable cmTC_8a1cc
FAILED: : && /usr/bin/cc  -DCHECK_FUNCTION_EXISTS=pthread_create   CMakeFiles/cmTC_8a1cc.dir/CheckFunctionExists.c.o  -o cmTC_8a1cc  -rdynamic -lpthreads && :
/usr/bin/ld: cannot find -lpthreads
collect2: error: ld returned 1 exit status
ninja: build stopped: subcommand failed.


